# JRE version: Java(TM) SE Runtime Environment (7.0_45-b18) (build 1.7.0_45-b18)
# Java VM: Java HotSpot(TM) 64-Bit Server VM (24.45-b08 mixed mode bsd-amd64 compressed oops)
Heap
 PSYoungGen      total 43520K, used 37248K [0x00000007d5500000, 0x00000007d8480000, 0x0000000800000000)
  eden space 43008K, 86% used [0x00000007d5500000,0x00000007d79380f8,0x00000007d7f00000)
  from space 512K, 31% used [0x00000007d8400000,0x00000007d8428000,0x00000007d8480000)
  to   space 2048K, 0% used [0x00000007d8080000,0x00000007d8080000,0x00000007d8280000)
 ParOldGen       total 87040K, used 46027K [0x0000000780000000, 0x0000000785500000, 0x00000007d5500000)
  object space 87040K, 52% used [0x0000000780000000,0x0000000782cf2f00,0x0000000785500000)
 PSPermGen       total 21504K, used 16606K [0x000000077ae00000, 0x000000077c300000, 0x0000000780000000)
  object space 21504K, 77% used [0x000000077ae00000,0x000000077be379b0,0x000000077c300000)
GC Heap History (10 events):
Event: 95.048 GC heap before
{Heap before GC invocations=44 (full 0):
 PSYoungGen      total 51712K, used 48224K [0x00000007d5500000, 0x00000007d8b00000, 0x0000000800000000)
  eden space 48128K, 100% used [0x00000007d5500000,0x00000007d8400000,0x00000007d8400000)
  from space 3584K, 2% used [0x00000007d8400000,0x00000007d8418000,0x00000007d8780000)
  to   space 3072K, 0% used [0x00000007d8800000,0x00000007d8800000,0x00000007d8b00000)
 ParOldGen       total 87040K, used 45963K [0x0000000780000000, 0x0000000785500000, 0x00000007d5500000)
  object space 87040K, 52% used [0x0000000780000000,0x0000000782ce2f00,0x0000000785500000)
 PSPermGen       total 21504K, used 15823K [0x000000077ae00000, 0x000000077c300000, 0x0000000780000000)
  object space 21504K, 73% used [0x000000077ae00000,0x000000077bd73f20,0x000000077c300000)
Event: 95.049 GC heap after
Heap after GC invocations=44 (full 0):
 PSYoungGen      total 48128K, used 160K [0x00000007d5500000, 0x00000007d8900000, 0x0000000800000000)
  eden space 47104K, 0% used [0x00000007d5500000,0x00000007d5500000,0x00000007d8300000)
  from space 1024K, 15% used [0x00000007d8800000,0x00000007d8828000,0x00000007d8900000)
  to   space 3072K, 0% used [0x00000007d8300000,0x00000007d8300000,0x00000007d8600000)
 ParOldGen       total 87040K, used 45971K [0x0000000780000000, 0x0000000785500000, 0x00000007d5500000)
  object space 87040K, 52% used [0x0000000780000000,0x0000000782ce4f00,0x0000000785500000)
 PSPermGen       total 21504K, used 15823K [0x000000077ae00000, 0x000000077c300000, 0x0000000780000000)
  object space 21504K, 73% used [0x000000077ae00000,0x000000077bd73f20,0x000000077c300000)
}
Event: 97.016 GC heap before
{Heap before GC invocations=45 (full 0):
 PSYoungGen      total 48128K, used 47264K [0x00000007d5500000, 0x00000007d8900000, 0x0000000800000000)
  eden space 47104K, 100% used [0x00000007d5500000,0x00000007d8300000,0x00000007d8300000)
  from space 1024K, 15% used [0x00000007d8800000,0x00000007d8828000,0x00000007d8900000)
  to   space 3072K, 0% used [0x00000007d8300000,0x00000007d8300000,0x00000007d8600000)
 ParOldGen       total 87040K, used 45971K [0x0000000780000000, 0x0000000785500000, 0x00000007d5500000)
  object space 87040K, 52% used [0x0000000780000000,0x0000000782ce4f00,0x0000000785500000)
 PSPermGen       total 21504K, used 15824K [0x000000077ae00000, 0x000000077c300000, 0x0000000780000000)
  object space 21504K, 73% used [0x000000077ae00000,0x000000077bd74298,0x000000077c300000)
Event: 97.017 GC heap after
Heap after GC invocations=45 (full 0):
 PSYoungGen      total 49152K, used 128K [0x00000007d5500000, 0x00000007d8880000, 0x0000000800000000)
  eden space 46080K, 0% used [0x00000007d5500000,0x00000007d5500000,0x00000007d8200000)
  from space 3072K, 4% used [0x00000007d8300000,0x00000007d8320000,0x00000007d8600000)
  to   space 2560K, 0% used [0x00000007d8600000,0x00000007d8600000,0x00000007d8880000)
 ParOldGen       total 87040K, used 45979K [0x0000000780000000, 0x0000000785500000, 0x00000007d5500000)
  object space 87040K, 52% used [0x0000000780000000,0x0000000782ce6f00,0x0000000785500000)
 PSPermGen       total 21504K, used 15824K [0x000000077ae00000, 0x000000077c300000, 0x0000000780000000)
  object space 21504K, 73% used [0x000000077ae00000,0x000000077bd74298,0x000000077c300000)
}
Event: 97.508 GC heap before
{Heap before GC invocations=46 (full 0):
 PSYoungGen      total 49152K, used 46208K [0x00000007d5500000, 0x00000007d8880000, 0x0000000800000000)
  eden space 46080K, 100% used [0x00000007d5500000,0x00000007d8200000,0x00000007d8200000)
  from space 3072K, 4% used [0x00000007d8300000,0x00000007d8320000,0x00000007d8600000)
  to   space 2560K, 0% used [0x00000007d8600000,0x00000007d8600000,0x00000007d8880000)
 ParOldGen       total 87040K, used 45979K [0x0000000780000000, 0x0000000785500000, 0x00000007d5500000)
  object space 87040K, 52% used [0x0000000780000000,0x0000000782ce6f00,0x0000000785500000)
 PSPermGen       total 21504K, used 15824K [0x000000077ae00000, 0x000000077c300000, 0x0000000780000000)
  object space 21504K, 73% used [0x000000077ae00000,0x000000077bd74298,0x000000077c300000)
Event: 97.509 GC heap after
Heap after GC invocations=46 (full 0):
 PSYoungGen      total 45568K, used 160K [0x00000007d5500000, 0x00000007d8680000, 0x0000000800000000)
  eden space 45056K, 0% used [0x00000007d5500000,0x00000007d5500000,0x00000007d8100000)
  from space 512K, 31% used [0x00000007d8600000,0x00000007d8628000,0x00000007d8680000)
  to   space 2560K, 0% used [0x00000007d8180000,0x00000007d8180000,0x00000007d8400000)
 ParOldGen       total 87040K, used 46003K [0x0000000780000000, 0x0000000785500000, 0x00000007d5500000)
  object space 87040K, 52% used [0x0000000780000000,0x0000000782cecf00,0x0000000785500000)
 PSPermGen       total 21504K, used 15824K [0x000000077ae00000, 0x000000077c300000, 0x0000000780000000)
  object space 21504K, 73% used [0x000000077ae00000,0x000000077bd74298,0x000000077c300000)
}
Event: 99.251 GC heap before
{Heap before GC invocations=47 (full 0):
 PSYoungGen      total 45568K, used 45216K [0x00000007d5500000, 0x00000007d8680000, 0x0000000800000000)
  eden space 45056K, 100% used [0x00000007d5500000,0x00000007d8100000,0x00000007d8100000)
  from space 512K, 31% used [0x00000007d8600000,0x00000007d8628000,0x00000007d8680000)
  to   space 2560K, 0% used [0x00000007d8180000,0x00000007d8180000,0x00000007d8400000)
 ParOldGen       total 87040K, used 46003K [0x0000000780000000, 0x0000000785500000, 0x00000007d5500000)
  object space 87040K, 52% used [0x0000000780000000,0x0000000782cecf00,0x0000000785500000)
 PSPermGen       total 21504K, used 15825K [0x000000077ae00000, 0x000000077c300000, 0x0000000780000000)
  object space 21504K, 73% used [0x000000077ae00000,0x000000077bd746c8,0x000000077c300000)
Event: 99.252 GC heap after
Heap after GC invocations=47 (full 0):
 PSYoungGen      total 46592K, used 160K [0x00000007d5500000, 0x00000007d8680000, 0x0000000800000000)
  eden space 44032K, 0% used [0x00000007d5500000,0x00000007d5500000,0x00000007d8000000)
  from space 2560K, 6% used [0x00000007d8180000,0x00000007d81a8000,0x00000007d8400000)
  to   space 2560K, 0% used [0x00000007d8400000,0x00000007d8400000,0x00000007d8680000)
 ParOldGen       total 87040K, used 46019K [0x0000000780000000, 0x0000000785500000, 0x00000007d5500000)
  object space 87040K, 52% used [0x0000000780000000,0x0000000782cf0f00,0x0000000785500000)
 PSPermGen       total 21504K, used 15825K [0x000000077ae00000, 0x000000077c300000, 0x0000000780000000)
  object space 21504K, 73% used [0x000000077ae00000,0x000000077bd746c8,0x000000077c300000)
}
Event: 99.949 GC heap before
{Heap before GC invocations=48 (full 0):
 PSYoungGen      total 46592K, used 44192K [0x00000007d5500000, 0x00000007d8680000, 0x0000000800000000)
  eden space 44032K, 100% used [0x00000007d5500000,0x00000007d8000000,0x00000007d8000000)
  from space 2560K, 6% used [0x00000007d8180000,0x00000007d81a8000,0x00000007d8400000)
  to   space 2560K, 0% used [0x00000007d8400000,0x00000007d8400000,0x00000007d8680000)
 ParOldGen       total 87040K, used 46019K [0x0000000780000000, 0x0000000785500000, 0x00000007d5500000)
  object space 87040K, 52% used [0x0000000780000000,0x0000000782cf0f00,0x0000000785500000)
 PSPermGen       total 21504K, used 15825K [0x000000077ae00000, 0x000000077c300000, 0x0000000780000000)
  object space 21504K, 73% used [0x000000077ae00000,0x000000077bd746c8,0x000000077c300000)
Event: 99.950 GC heap after
Heap after GC invocations=48 (full 0):
 PSYoungGen      total 43520K, used 160K [0x00000007d5500000, 0x00000007d8480000, 0x0000000800000000)
  eden space 43008K, 0% used [0x00000007d5500000,0x00000007d5500000,0x00000007d7f00000)
  from space 512K, 31% used [0x00000007d8400000,0x00000007d8428000,0x00000007d8480000)
  to   space 2048K, 0% used [0x00000007d8080000,0x00000007d8080000,0x00000007d8280000)
 ParOldGen       total 87040K, used 46027K [0x0000000780000000, 0x0000000785500000, 0x00000007d5500000)
  object space 87040K, 52% used [0x0000000780000000,0x0000000782cf2f00,0x0000000785500000)
 PSPermGen       total 21504K, used 15825K [0x000000077ae00000, 0x000000077c300000, 0x0000000780000000)
  object space 21504K, 73% used [0x000000077ae00000,0x000000077bd746c8,0x000000077c300000)
}

